[debug] [2023-01-03T19:30:58.233Z] ----------------------------------------------------------------------
[debug] [2023-01-03T19:30:58.235Z] Command:       C:\Program Files\nodejs\node.exe C:\Users\user\AppData\Roaming\npm\node_modules\firebase-tools\lib\bin\firebase.js init
[debug] [2023-01-03T19:30:58.236Z] CLI Version:   11.19.0
[debug] [2023-01-03T19:30:58.236Z] Platform:      win32
[debug] [2023-01-03T19:30:58.236Z] Node Version:  v16.17.0
[debug] [2023-01-03T19:30:58.237Z] Time:          Wed Jan 04 2023 01:00:58 GMT+0530 (India Standard Time)
[debug] [2023-01-03T19:30:58.237Z] ----------------------------------------------------------------------
[debug] 
[debug] [2023-01-03T19:30:58.315Z] > command requires scopes: ["email","openid","https://www.googleapis.com/auth/cloudplatformprojects.readonly","https://www.googleapis.com/auth/firebase","https://www.googleapis.com/auth/cloud-platform"]
[debug] [2023-01-03T19:30:58.316Z] > authorizing via signed-in user (kalpanakathait11@gmail.com)
[info] 
     ######## #### ########  ######## ########     ###     ######  ########
     ##        ##  ##     ## ##       ##     ##  ##   ##  ##       ##
     ######    ##  ########  ######   ########  #########  ######  ######
     ##        ##  ##    ##  ##       ##     ## ##     ##       ## ##
     ##       #### ##     ## ######## ########  ##     ##  ######  ########

You're about to initialize a Firebase project in this directory:

  C:\Users\user\Desktop\firebase-blog-app

Before we get started, keep in mind:

  * You are initializing within an existing Firebase project directory

